<?xml version="1.0" encoding="UTF-8"?>
<testsuite xmlns:xsi="http://www.w3.org/2001/XMLSchema-instance" xsi:noNamespaceSchemaLocation="https://maven.apache.org/surefire/maven-surefire-plugin/xsd/surefire-test-report-3.0.xsd" version="3.0" name="TestSuite" time="7.316" tests="5" errors="0" skipped="0" failures="0">
  <properties>
[...]
</properties>
  <testcase name="runScenario[&quot;Validate - Successful and Unsuccessful Login&quot;, &quot;Webdriver University - Login Page&quot;](1)" classname="runners.MainRunner" time="4.648">
    <system-out><![CDATA[
@login @regression @smoke
Scenario Outline: Validate - Successful and Unsuccessful Login                             # features/Login.feature:19

@contact-us @regression
Scenario: Validate Successful Submission -Specific Data   # features/Contact_Us.feature:14

@contact-us @regression
Scenario: Validate Successful Submission -Unique Data     # features/Contact_Us.feature:5

@login @regression @smoke
Scenario Outline: Validate - Successful and Unsuccessful Login                                # features/Login.feature:18
chrome
chrome
chrome
chrome
  Given I access the webdriver university login page                                       # stepDefinitions.Login_Steps.i_access_the_webdriver_university_login_page()
  Given I access the webdriver university contact us page # stepDefinitions.Contact_Us_Steps.i_access_the_webdriver_university_contact_us_page()
  Given I access the webdriver university contact us page # stepDefinitions.Contact_Us_Steps.i_access_the_webdriver_university_contact_us_page()
  Given I access the webdriver university login page                                          # stepDefinitions.Login_Steps.i_access_the_webdriver_university_login_page()
  When I enter a username joeblogs                                                         # stepDefinitions.Login_Steps.i_enter_a_username(java.lang.String)
  When I enter a specific first name joe                  # stepDefinitions.Contact_Us_Steps.i_enter_a_specific_first_name_joe(java.lang.String)
  When I enter a username webdriver                                                           # stepDefinitions.Login_Steps.i_enter_a_username(java.lang.String)
  When I enter a unique first name                        # stepDefinitions.Contact_Us_Steps.i_enter_a_unique_first_name()
  And I enter a password password1                                                         # stepDefinitions.Login_Steps.i_enter_a_password_webdriver123(java.lang.String)
  And I enter specific last name blogs                    # stepDefinitions.Contact_Us_Steps.i_enter_specific_last_name_blogs(java.lang.String)
  And I enter a password webdriver123                                                         # stepDefinitions.Login_Steps.i_enter_a_password_webdriver123(java.lang.String)
  And I enter unique last name                            # stepDefinitions.Contact_Us_Steps.i_enter_unique_last_name()
  And I click on the login button                                                          # stepDefinitions.Login_Steps.i_click_on_the_login_button()
  Then I should be presented with the following login validation message validation failed # stepDefinitions.Login_Steps.i_should_be_presented_with_the_following_login_validation_message_validation_succeeded(java.lang.String)
  And I click on the login button                                                             # stepDefinitions.Login_Steps.i_click_on_the_login_button()
  Then I should be presented with the following login validation message validation succeeded # stepDefinitions.Login_Steps.i_should_be_presented_with_the_following_login_validation_message_validation_succeeded(java.lang.String)
  And I enter a specific email joe_blog@mail.com          # stepDefinitions.Contact_Us_Steps.i_enter_a_specific_email_joe_blog_mail_com(java.lang.String)
  And I enter a unique email                              # stepDefinitions.Contact_Us_Steps.i_enter_a_unique_email()
  And I enter a specific comment  "How are you?"          # stepDefinitions.Contact_Us_Steps.i_enter_a_specific_comment(java.lang.String)
  And I enter a comment                                   # stepDefinitions.Contact_Us_Steps.i_enter_a_comment()
]]></system-out>
    <system-err><![CDATA[SLF4J: Failed to load class "org.slf4j.impl.StaticLoggerBinder".
SLF4J: Defaulting to no-operation (NOP) logger implementation
SLF4J: See http://www.slf4j.org/codes.html#StaticLoggerBinder for further details.
Parsing System property 'dataproviderthreadcount': java.lang.NumberFormatException: For input string: "$(threadCount)"
]]></system-err>
  </testcase>
  <testcase name="runScenario[&quot;Validate - Successful and Unsuccessful Login&quot;, &quot;Webdriver University - Login Page&quot;](2)" classname="runners.MainRunner" time="0.058">
    <system-out><![CDATA[
@login @regression @smoke
Scenario Outline: Validate - Successful and Unsuccessful Login                             # features/Login.feature:20
chrome
]]></system-out>
  </testcase>
  <testcase name="runScenario[&quot;Validate Successful Submission -Specific Data&quot;, &quot;WebDriver University - Contact Us page&quot;](3)" classname="runners.MainRunner" time="0.432">
    <system-out><![CDATA[  And I click on the submit button                        # stepDefinitions.Contact_Us_Steps.i_click_on_the_submit_button()
  Then I should get a the successful contact us message   # stepDefinitions.Contact_Us_Steps.i_should_get_a_the_successful_contact_us_message()
  And I click on the submit button                        # stepDefinitions.Contact_Us_Steps.i_click_on_the_submit_button()
  Then I should get a the successful contact us message   # stepDefinitions.Contact_Us_Steps.i_should_get_a_the_successful_contact_us_message()
]]></system-out>
  </testcase>
  <testcase name="runScenario[&quot;Validate Successful Submission -Unique Data&quot;, &quot;WebDriver University - Contact Us page&quot;](4)" classname="runners.MainRunner" time="0.525"/>
  <testcase name="runScenario[&quot;Validate - Successful and Unsuccessful Login&quot;, &quot;Webdriver University - Login Page&quot;](5)" classname="runners.MainRunner" time="1.771">
    <system-out><![CDATA[  Given I access the webdriver university login page                                       # stepDefinitions.Login_Steps.i_access_the_webdriver_university_login_page()
  When I enter a username webdriver                                                        # stepDefinitions.Login_Steps.i_enter_a_username(java.lang.String)
  And I enter a password webdriver187                                                      # stepDefinitions.Login_Steps.i_enter_a_password_webdriver123(java.lang.String)
  And I click on the login button                                                          # stepDefinitions.Login_Steps.i_click_on_the_login_button()
  Then I should be presented with the following login validation message validation failed # stepDefinitions.Login_Steps.i_should_be_presented_with_the_following_login_validation_message_validation_succeeded(java.lang.String)
]]></system-out>
  </testcase>
</testsuite>