<?xml version="1.0" encoding="UTF-8"?>
<testng-results ignored="0" total="5" passed="5" failed="0" skipped="0">
  <reporter-output>
  </reporter-output>
  <suite started-at="2024-07-19T16:00:30 MESZ" name="Suite" finished-at="2024-07-19T16:00:37 MESZ" duration-ms="6950">
    <groups>
      <group name="cucumber">
        <method signature="AbstractTestNGCucumberTests.runScenario(io.cucumber.testng.PickleWrapper,io.cucumber.testng.FeatureWrapper)[pri:0, instance:runners.MainRunner@36bc55de]" name="runScenario" class="io.cucumber.testng.AbstractTestNGCucumberTests"/>
      </group> <!-- cucumber -->
    </groups>
    <test started-at="2024-07-19T16:00:30 MESZ" name="Test" finished-at="2024-07-19T16:00:37 MESZ" duration-ms="6950">
      <class name="runners.MainRunner">
        <test-method is-config="true" signature="setUpClass(org.testng.ITestContext)[pri:0, instance:runners.MainRunner@36bc55de]" started-at="2024-07-19T16:00:30 MESZ" name="setUpClass" finished-at="2024-07-19T16:00:30 MESZ" duration-ms="435" status="PASS">
          <params>
            <param index="0">
              <value>
                <![CDATA[org.testng.TestRunner@3c0be339]]>
              </value>
            </param>
          </params>
          <reporter-output>
          </reporter-output>
        </test-method> <!-- setUpClass -->
        <test-method signature="runScenario(io.cucumber.testng.PickleWrapper,io.cucumber.testng.FeatureWrapper)[pri:0, instance:runners.MainRunner@36bc55de]" started-at="2024-07-19T16:00:30 MESZ" name="runScenario" description="Runs Cucumber Scenarios" data-provider="scenarios" finished-at="2024-07-19T16:00:35 MESZ" duration-ms="4638" status="PASS">
          <params>
            <param index="0">
              <value>
                <![CDATA["Validate - Successful and Unsuccessful Login"]]>
              </value>
            </param>
            <param index="1">
              <value>
                <![CDATA["Webdriver University - Login Page"]]>
              </value>
            </param>
          </params>
          <reporter-output>
          </reporter-output>
        </test-method> <!-- runScenario -->
        <test-method signature="runScenario(io.cucumber.testng.PickleWrapper,io.cucumber.testng.FeatureWrapper)[pri:0, instance:runners.MainRunner@36bc55de]" started-at="2024-07-19T16:00:30 MESZ" name="runScenario" description="Runs Cucumber Scenarios" data-provider="scenarios" finished-at="2024-07-19T16:00:35 MESZ" duration-ms="4712" status="PASS">
          <params>
            <param index="0">
              <value>
                <![CDATA["Validate - Successful and Unsuccessful Login"]]>
              </value>
            </param>
            <param index="1">
              <value>
                <![CDATA["Webdriver University - Login Page"]]>
              </value>
            </param>
          </params>
          <reporter-output>
          </reporter-output>
        </test-method> <!-- runScenario -->
        <test-method signature="runScenario(io.cucumber.testng.PickleWrapper,io.cucumber.testng.FeatureWrapper)[pri:0, instance:runners.MainRunner@36bc55de]" started-at="2024-07-19T16:00:30 MESZ" name="runScenario" description="Runs Cucumber Scenarios" data-provider="scenarios" finished-at="2024-07-19T16:00:35 MESZ" duration-ms="5179" status="PASS">
          <params>
            <param index="0">
              <value>
                <![CDATA["Validate Successful Submission -Unique Data"]]>
              </value>
            </param>
            <param index="1">
              <value>
                <![CDATA["WebDriver University - Contact Us page"]]>
              </value>
            </param>
          </params>
          <reporter-output>
          </reporter-output>
        </test-method> <!-- runScenario -->
        <test-method signature="runScenario(io.cucumber.testng.PickleWrapper,io.cucumber.testng.FeatureWrapper)[pri:0, instance:runners.MainRunner@36bc55de]" started-at="2024-07-19T16:00:30 MESZ" name="runScenario" description="Runs Cucumber Scenarios" data-provider="scenarios" finished-at="2024-07-19T16:00:35 MESZ" duration-ms="5086" status="PASS">
          <params>
            <param index="0">
              <value>
                <![CDATA["Validate Successful Submission -Specific Data"]]>
              </value>
            </param>
            <param index="1">
              <value>
                <![CDATA["WebDriver University - Contact Us page"]]>
              </value>
            </param>
          </params>
          <reporter-output>
          </reporter-output>
        </test-method> <!-- runScenario -->
        <test-method signature="runScenario(io.cucumber.testng.PickleWrapper,io.cucumber.testng.FeatureWrapper)[pri:0, instance:runners.MainRunner@36bc55de]" started-at="2024-07-19T16:00:35 MESZ" name="runScenario" description="Runs Cucumber Scenarios" data-provider="scenarios" finished-at="2024-07-19T16:00:37 MESZ" duration-ms="1774" status="PASS">
          <params>
            <param index="0">
              <value>
                <![CDATA["Validate - Successful and Unsuccessful Login"]]>
              </value>
            </param>
            <param index="1">
              <value>
                <![CDATA["Webdriver University - Login Page"]]>
              </value>
            </param>
          </params>
          <reporter-output>
          </reporter-output>
        </test-method> <!-- runScenario -->
        <test-method is-config="true" signature="tearDownClass()[pri:0, instance:runners.MainRunner@36bc55de]" started-at="2024-07-19T16:00:37 MESZ" name="tearDownClass" finished-at="2024-07-19T16:00:37 MESZ" duration-ms="37" status="PASS">
          <reporter-output>
          </reporter-output>
        </test-method> <!-- tearDownClass -->
      </class> <!-- runners.MainRunner -->
    </test> <!-- Test -->
  </suite> <!-- Suite -->
</testng-results>
